25-Jun-2026 06:24:13.587 SEVERE [1] org.apache.catalina.startup.Bootstrap.main Init exception
	java.lang.NoClassDefFoundError: org/apache/tomcat/util/file/ConfigurationSource
		at java.lang.Class.getDeclaredConstructors0(Native Method)
		at java.lang.Class.privateGetDeclaredConstructors(Class.java:2671)
		at java.lang.Class.getConstructor0(Class.java:3075)
		at java.lang.Class.getConstructor(Class.java:1825)
		at org.apache.catalina.startup.Bootstrap.init(Bootstrap.java:262)
		at org.apache.catalina.startup.Bootstrap.main(Bootstrap.java:442)
	Caused by: java.lang.ClassNotFoundException: org.apache.tomcat.util.file.ConfigurationSource
		at java.net.URLClassLoader.findClass(URLClassLoader.java:387)
		at java.lang.ClassLoader.loadClass(ClassLoader.java:418)
		at java.lang.ClassLoader.loadClass(ClassLoader.java:351)
		... 6 more
25-Jun-2026 06:59:30.615 SEVERE [1] org.apache.catalina.startup.Bootstrap.main Init exception
	java.lang.NoClassDefFoundError: org/apache/tomcat/util/file/ConfigurationSource
		at java.lang.Class.getDeclaredConstructors0(Native Method)
		at java.lang.Class.privateGetDeclaredConstructors(Class.java:2671)
		at java.lang.Class.getConstructor0(Class.java:3075)
		at java.lang.Class.getConstructor(Class.java:1825)
		at org.apache.catalina.startup.Bootstrap.init(Bootstrap.java:262)
		at org.apache.catalina.startup.Bootstrap.main(Bootstrap.java:442)
	Caused by: java.lang.ClassNotFoundException: org.apache.tomcat.util.file.ConfigurationSource
		at java.net.URLClassLoader.findClass(URLClassLoader.java:387)
		at java.lang.ClassLoader.loadClass(ClassLoader.java:418)
		at java.lang.ClassLoader.loadClass(ClassLoader.java:351)
		... 6 more
25-Jun-2026 07:08:13.931 SEVERE [1] org.apache.catalina.startup.Bootstrap.main Init exception
	java.lang.NoClassDefFoundError: org/apache/tomcat/util/file/ConfigurationSource
		at java.lang.Class.getDeclaredConstructors0(Native Method)
		at java.lang.Class.privateGetDeclaredConstructors(Class.java:2671)
		at java.lang.Class.getConstructor0(Class.java:3075)
		at java.lang.Class.getConstructor(Class.java:1825)
		at org.apache.catalina.startup.Bootstrap.init(Bootstrap.java:262)
		at org.apache.catalina.startup.Bootstrap.main(Bootstrap.java:442)
	Caused by: java.lang.ClassNotFoundException: org.apache.tomcat.util.file.ConfigurationSource
		at java.net.URLClassLoader.findClass(URLClassLoader.java:387)
		at java.lang.ClassLoader.loadClass(ClassLoader.java:418)
		at java.lang.ClassLoader.loadClass(ClassLoader.java:351)
		... 6 more
